============================================================
FILE: 1....English basics part 1.    15,5,26.docx
============================================================
ENGLISH VIDYA - COMPLETE A TO Z GRAMMAR ARCHITECTURE

MAIN GOAL: Student should study English grammar properly once and then only need advanced/additional learning in future - not restart grammar from zero again.

SYSTEM DESIGN:

Deep understanding

Beginner-friendly explanation

Full awareness model

Hindi-medium psychology based

Spoken English support

School + competitive + communication foundation

Concept interconnection

No rote learning only


======================================== PHASE 1 - FEAR REMOVAL & LANGUAGE FOUNDATION

Purpose:

Remove grammar fear

Make student comfortable

Explain why language exists

Explain why grammar exists

Build communication mindset


PART 1 - LANGUAGE FOUNDATION

1. What is Language?


2. Types of Language


3. What is Grammar?


4. What is English Grammar?


5. Importance of Grammar


6. Communication Basics



DEPTH:

Definitions

Hindi vs English logic

Communication understanding

SVO introduction

Fear removal psychology


WHY FIRST? St

... [TRUNCATED] ...

Saved extracted text to Ev Download\1....English basics part 1.    15,5,26.txt

============================================================
FILE: 2.. English basic part 2.docx
============================================================
Part 17 - Noun System Deep Study

(?????? ??????? ?? ??? ??????)

Teacher Introduction

??????, ?? ?? ???? noun ?? basic ???? ???

?? ?? noun ?? detail ??? ????????

??????? sentence ???:

???????

?????

?????

?????

???

??????


???? ?????? ???? ?? ??? noun ?? ????? ???? ???


---

What is a Noun?

English Definition

A noun is the name of any person, place, thing, idea, or quality.


---

Hindi Definition

?? ???? ???? ???????, ?????, ?????, ????? ?? ??? ?? ??? ????, ??? noun ???? ????


---

Important Understanding

Traditional English grammar ?? ?????? noun ?? ???? ??? ???? ???? ????

????? modern English grammar ?? ?????? noun ?? ??????? ??? functional classification ???? ???? ????


---

Traditional Classification of Noun

1. Proper Noun


2. Common Noun


3. Collective Noun


4. Material Noun


5. Abstract Noun




---

Modern Classification of Noun

1. Proper Noun


2. Countable Noun


3. Uncountable Noun




---

Important Understanding

Modern grammar ???:

Proper noun ???

... [TRUNCATED] ...

Saved extracted text to Ev Download\2.. English basic part 2.txt

============================================================
FILE: 3.. basic to advance grammar part 3.docx
============================================================
Final Master Sequence After Part 31D

?? ???? ???? core grammar + translation + spoken system ???? complete ?? ???? ???

???? ??? system ?? ??? directions ??? expand ???? ?? ???? ??:


---

Direction 1 - English Mastery Expansion

(Recommended)

?? ???? current system ?? natural continuation ?????


---

Part 32 - Advanced Spoken & Thinking System

????? ????:

fast spoken English

native response system

hesitation removal

instant reply system

thinking in English

filler words

real conversation flow

emotional conversation

debate basics

opinion expression

agreement/disagreement mastery



---

Example

Honestly speaking.

To be frank.

In my opinion.

As far as I know.

I totally agree.

I don't think so.

That depends.


---

????? ??????

???????: grammar ????? ?? ??? ?? student ??? ???? ?????

?? part: "thinking speed" develop ??????


---

Part 33 - Advanced Vocabulary Intelligence System

????? ????:

root words

word families

synonym

antonym

nuance difference

emotional

... [TRUNCATED] ...

Saved extracted text to Ev Download\3.. basic to advance grammar part 3.txt

============================================================
FILE: 4..... Basic to Advanced English_.docx
============================================================
Ultra Expansion Layer After Part 48

?? ????:

"Complete English Mastery Ecosystem"

????? ??? ?? complete ?? ???? ??? ?

???? ??? system: normal English course ???? ??????

?? ???: specialization ecosystem ??? ???? ?? ???? ???


---

Possible Ultra Advanced Expansion


---

Part 49 - IELTS, TOEFL & International English System

????? ????:

IELTS speaking

IELTS writing

academic listening

band improvement

cue card system

formal academic essay

international fluency



---

Part 50 - Business & Corporate English System

????? ????:

office communication

business email

negotiation English

meeting English

corporate presentation

leadership communication



---

Part 51 - Content Creator & Media English System

????? ????:

YouTube English

podcast English

storytelling script

viral hook writing

audience retention language

public influence communication



---

Part 52 - Debate, Politics & Public Influence English

????? ????:

political speech

persuasive debate

rhetorical te

... [TRUNCATED] ...

Saved extracted text to Ev Download\4..... Basic to Advanced English_.txt

============================================================
FILE: 5.... Basi. To advance english.docx
============================================================
Beyond Part 58 - Supreme Expansion Layer

(Part 59+ Optional Infinite Expansion Architecture)

?? ???? system: ????? English course ???? ????

?? ??:

communication science

teaching architecture

psychology system

AI ecosystem

influence framework

global interaction engine


?? ???? ???

?? ???? ??? ????: specialized ecosystems ?? research-grade expansion ??? ????


---

Part 59 - Complete Spoken Practice & 10,000 Sentence Drill System

????? ????:

10,000 spoken patterns

person-wise drills

tense-wise drills

daily-life conversation

instant response training

fluency automation

translation drills

WH-question mastery



---

Example

I am good.
You are good.
He is good.

I am not good.
Are you good?
Why are you good?


---

Goal

Sentence production: automatic ??????


---

Part 60 - Advanced Vocabulary & Collocation Master System

????? ????:

20,000+ vocabulary architecture

collocation mastery

phrasal verbs

idiomatic intelligence

academic vocabulary

business vocabulary

e

... [TRUNCATED] ...

Saved extracted text to Ev Download\5.... Basi. To advance english.txt

============================================================
FILE: Authentication Systems Deep Dive.docx
============================================================
The Technical and Economic Blueprint of Modern Authentication: An Architectural Analysis of Identity and Access Management
Authentication Fundamentals
At its core, authentication is the cryptographic verification of an identity assertion. It answers the question of who a requesting entity is, while authorization evaluates that verified identity against access control policies to determine what resources the entity is permitted to access. Confusing these two distinct layers is a common architectural error; embedding granular permission scopes directly into stateless access tokens without runtime verification can lead to privilege escalation and authorization bypasses.
Modern web architectures handle authentication state using either stateful or stateless paradigms. Stateful sessions rely on a centralized or distributed data store (such as Redis or a relational database) where a unique session identifier is generated upon successful authentication, stored in a client-side cookie, and val

... [TRUNCATED] ...

Saved extracted text to Ev Download\Authentication Systems Deep Dive.txt

============================================================
FILE: Word meaning prompt list.docx
============================================================
MASTER RESEARCH PROMPT 1
FOUNDATION + LEARNING PSYCHOLOGY + VOCABULARY SYSTEM ARCHITECTURE

Act as:
- world-class vocabulary architect
- English fluency researcher
- Hindi-medium learning psychologist
- spoken English expert
- native English usage analyst
- communication system designer
- bilingual education strategist

OBJECTIVE:
Build the foundational architecture for a complete "English Vocabulary & Word Meaning Ecosystem" designed for:
- Hindi-medium students
- beginners to advanced learners
- spoken English learners
- competitive exam learners
- teachers
- content creators
- future AI-era learners

IMPORTANT:
This is NOT a normal dictionary project.

The system must focus on:
- practical English
- natural English
- real-life communication
- spoken fluency
- native-like understanding
- contextual usage
- emotional communication
- thinking in English
- reducing translation dependency

???????????????????
RESEARCH GOALS
???????????????????

Research deeply:

1. Why Hindi-medium stude

... [TRUNCATED] ...

Saved extracted text to Ev Download\Word meaning prompt list.txt

