
D:\English Vidya\scratch\grammar_data.json:15153:                                              "Text":  "1. Present 
Tense"
D:\English Vidya\scratch\grammar_data.json:15157:                                              "Text":  "2. Past Tense"
D:\English Vidya\scratch\grammar_data.json:15161:                                              "Text":  "3. Future 
Tense"
D:\English Vidya\scratch\grammar_data.json:15333:                                              "Text":  "1. Present 
Indefinite Tense"
D:\English Vidya\scratch\grammar_data.json:15545:                                              "Text":  "2. Present 
Continuous Tense"
D:\English Vidya\scratch\grammar_data.json:15677:                                              "Text":  "3. Past 
Indefinite Tense"
D:\English Vidya\scratch\grammar_data.json:15809:                                              "Text":  "4. Future 
Indefinite Tense"
D:\English Vidya\scratch\grammar_data.json:15913:                                              "Text":  "5. Present 
Perfect Tense"
D:\English Vidya\scratch\grammar_data.json:16617:                                              "Text":  "1. Present 
Indefinite Tense"
D:\English Vidya\scratch\grammar_data.json:17133:                                              "Text":  "2. Present 
Continuous Tense"
D:\English Vidya\scratch\grammar_data.json:17409:                                              "Text":  "3. Past 
Indefinite Tense"
D:\English Vidya\scratch\grammar_data.json:17669:                                              "Text":  "4. Future 
Indefinite Tense"
D:\English Vidya\scratch\grammar_data.json:17901:                                              "Text":  "5. Present 
Perfect Tense"
D:\English Vidya\scratch\grammar_data.json:18457:                                              "Text":  "1. Past 
Continuous Tense"
D:\English Vidya\scratch\grammar_data.json:18461:                                              "Text":  "2. Past 
Perfect Tense"
D:\English Vidya\scratch\grammar_data.json:18465:                                              "Text":  "3. Future 
Continuous Tense"
D:\English Vidya\scratch\grammar_data.json:18473:                                              "Text":  "1. Past 
Continuous Tense"
D:\English Vidya\scratch\grammar_data.json:18841:                                              "Text":  "2. Past 
Perfect Tense"
D:\English Vidya\scratch\grammar_data.json:19193:                                              "Text":  "3. Future 
Continuous Tense"
D:\English Vidya\scratch\grammar_data.json:19633:                                              "Text":  "1. Present 
Perfect Continuous Tense"


