Extracting Verb System...
The property 'examples' cannot be found on this object. Verify that the property exists and can be set.
At D:\English Vidya\scratch\extract_generic.ps1:82 char:17
+ ...             $currentItem.examples += [ordered]@{ english = $matches[1 ...
+                 ~~~~~~~~~~~~~~~~~~~~~~~~~~~~~~~~~~~~~~~~~~~~~~~~~~~~~~~~~
    + CategoryInfo          : InvalidOperation: (:) [], RuntimeException
    + FullyQualifiedErrorId : PropertyNotFound
 
The property 'examples' cannot be found on this object. Verify that the property exists and can be set.
At D:\English Vidya\scratch\extract_generic.ps1:82 char:17
+ ...             $currentItem.examples += [ordered]@{ english = $matches[1 ...
+                 ~~~~~~~~~~~~~~~~~~~~~~~~~~~~~~~~~~~~~~~~~~~~~~~~~~~~~~~~~
    + CategoryInfo          : InvalidOperation: (:) [], RuntimeException
    + FullyQualifiedErrorId : PropertyNotFound
 
The property 'examples' cannot be found on this object. Verify that the property exists and can be set.
At D:\English Vidya\scratch\extract_generic.ps1:82 char:17
+ ...             $currentItem.examples += [ordered]@{ english = $matches[1 ...
+                 ~~~~~~~~~~~~~~~~~~~~~~~~~~~~~~~~~~~~~~~~~~~~~~~~~~~~~~~~~
    + CategoryInfo          : InvalidOperation: (:) [], RuntimeException
    + FullyQualifiedErrorId : PropertyNotFound
 
The property 'examples' cannot be found on this object. Verify that the property exists and can be set.
At D:\English Vidya\scratch\extract_generic.ps1:82 char:17
+ ...             $currentItem.examples += [ordered]@{ english = $matches[1 ...
+                 ~~~~~~~~~~~~~~~~~~~~~~~~~~~~~~~~~~~~~~~~~~~~~~~~~~~~~~~~~
    + CategoryInfo          : InvalidOperation: (:) [], RuntimeException
    + FullyQualifiedErrorId : PropertyNotFound
 
Saved to d:\English Vidya\website\data\grammar\verbs.json
