
grammar_data.json:14653:                                              "Text":  "Part 30 - Advanced Grammar System ?"
grammar_data.json:14689:                                              "Text":  "Part 31 - Real English Application 
System ?"
grammar_data.json:22565:                                              "Text":  "Part 31 - Real English Application 
System"
grammar_data.json:22809:                                              "Text":  "Part 31"
grammar_data.json:22977:                                              "Text":  "Part 31"
grammar_data.json:23069:                                              "Text":  "Part 31 ?? 4 ???? ????? ??? divide 
???:"
grammar_data.json:23097:                                              "Text":  "Part 31A - Spoken Communication System"
grammar_data.json:24353:                                              "Text":  "Part 31B - Translation Intelligence 
\u0026 English Thinking System"
grammar_data.json:25845:                                              "Text":  "Part 31C - Real-Life English 
Application System"
grammar_data.json:27193:                                              "Text":  "Part 31D - Error Correction \u0026 
Natural English Mastery System"
grammar_data.json:37907:                                                            "Text":  "Part 30 - Advanced 
Grammar"
grammar_data.json:37939:                                                            "Text":  "Part 31 - Real English 
Application"
grammar_data.json:39255:                                                            "Text":  "Part 30 - Advanced 
Grammar System"
grammar_data.json:39287:                                                            "Text":  "Part 31 - Real English 
Application System"
grammar_data.json:41379:                                                            "Text":  "Part 30 - Advanced 
Grammar System"
grammar_data.json:41411:                                                            "Text":  "Part 31 - Real English 
Application System"
grammar_data.json:73517:                                                         "Text":  "Part 32 - Advanced Spoken 
\u0026 Thinking System"
grammar_data.json:73625:                                                         "Text":  "Part 33 - Advanced 
Vocabulary Intelligence System"
grammar_data.json:73701:                                                         "Text":  "Part 34 - Idiom, Phrase 
\u0026 Expression System"
grammar_data.json:73813:                                                         "Text":  "Part 35 - Competitive 
Grammar System"


