
word_meanings.md:1:# word_meanings.md
word_meanings.md:13:- Hindi-medium learning psychologist
word_meanings.md:25:Build the foundational architecture for a complete "English Vocabulary & Word Meaning Ecosystem" 
designed for:
word_meanings.md:27:- Hindi-medium students
word_meanings.md:73:1. Why Hindi-medium students fail in vocabulary learning
word_meanings.md:133:12. Hindi confusion correction system
word_meanings.md:191:HINDI-MEDIUM LEARNER ANALYSIS
word_meanings.md:197:1. Most common Hindi  English translation mistakes
word_meanings.md:241:- contextual meaning
word_meanings.md:259:- Hindi meaning
word_meanings.md:271:- emotional meaning
word_meanings.md:277:- example sentences
word_meanings.md:283:- Hindi confusion correction
word_meanings.md:313:8. Hindi-medium optimization strategy
word_meanings.md:329:- focus only on dictionary meanings
word_meanings.md:375:- Hindi-medium optimized
word_meanings.md:397:- Hindi-medium learning specialist
word_meanings.md:403:Research and build the "Ultra Common Daily Vocabulary System" for Hindi-medium learners.
word_meanings.md:629:7. Real-life communication examples
word_meanings.md:633:HINDI-MEDIUM FOCUS


