{
    "2.. English basic part 2.docx":  [
                                          {
                                              "Style":  "",
                                              "Text":  "Part 17 - Noun System Deep Study"
                                          },
                                          {
                                              "Style":  "",
                                              "Text":  "(?????? ??????? ?? ??? ??????)"
                                          },
                                          {
                                              "Style":  "",
                                              "Text":  "Teacher Introduction"
                                          },
                                          {
                                              "Style":  "",
                                              "Text":  "??????, ?? ?? ???? noun ?? basic ???? ???"
                                          },
                                          {
                                              "Style":  "",
                                              "Text":  "?? ?? noun ?? detail ??? ????????"
                                          },
                                          {
                                              "Style":  "",
                                              "Text":  "??????? sentence ???:"
                                          },
                                          {
                                              "Style":  "",
                                              "Text":  "???????"
                                          },
                                          {
                                              "Style":  "",
                                              "Text":  "?????"
                                          },
                                          {
                                              "Style":  "",
                                              "Text":  "?????"
                                          },
                                          {
                                              "Style":  "",
                                              "Text":  "?????"
                                          },
                                          {
                                              "Style":  "",
                                              "Text":  "???"
                                          },
                                          {
                                              "Style":  "",
                                              "Text":  "??????"
                                          },
